2026-01-24T23:50:12.231Z [INFO] 正在启动 Python 守护进程 [t4_daemon.py]...
2026-01-24T23:50:12.263Z [INFO] 守护进程启动成功，PID: 7140
2026-01-24T23:50:13.265Z [INFO] [守护进程] 2026-01-25 07:50:13,262 | INFO | T4 daemon listening on 127.0.0.1:57570
2026-01-24T23:50:13.517Z [INFO] [守护进程] 2026-01-25 07:50:13,510 | WARNING | Client connected then closed without sending data
2026-01-24T23:54:32.827Z [INFO] 正在停止守护进程...
2026-01-24T23:54:32.831Z [INFO] [守护进程] 2026-01-25 07:54:32,830 | INFO | Stopping server ...
2026-01-24T23:54:35.833Z [WARN] 守护进程未退出，强制终止...
2026-01-24T23:54:35.838Z [INFO] 守护进程已停止
2026-01-26T03:28:54.834Z [INFO] 正在启动 Python 守护进程 [t4_daemon.py]...
2026-01-26T03:28:54.860Z [INFO] 守护进程启动成功，PID: 27804
2026-01-26T03:28:55.281Z [INFO] [守护进程] 2026-01-26 11:28:55,279 | INFO | T4 daemon listening on 127.0.0.1:25180
2026-01-26T03:28:55.497Z [INFO] [守护进程] 2026-01-26 11:28:55,487 | WARNING | Client connected then closed without sending data
2026-01-26T03:29:04.166Z [INFO] 正在停止守护进程...
2026-01-26T03:29:04.168Z [INFO] [守护进程] 2026-01-26 11:29:04,162 | INFO | Stopping server ...
2026-01-26T03:29:04.175Z [INFO] [守护进程] 2026-01-26 11:29:04,168 | INFO | Stopping server ...
2026-01-26T03:29:07.174Z [WARN] 守护进程未退出，强制终止...
2026-01-26T03:29:07.184Z [INFO] 守护进程已停止
2026-01-26T03:31:19.355Z [INFO] 正在启动 Python 守护进程 [t4_daemon.py]...
2026-01-26T03:31:19.379Z [INFO] 守护进程启动成功，PID: 28002
2026-01-26T03:31:19.969Z [INFO] [守护进程] 2026-01-26 11:31:19,966 | INFO | T4 daemon listening on 127.0.0.1:25180
2026-01-26T03:31:20.004Z [INFO] [守护进程] 2026-01-26 11:31:20,003 | WARNING | Client connected then closed without sending data
2026-01-26T03:34:59.641Z [INFO] [守护进程] 2026-01-26 11:34:59,630 | INFO | Stopping server ...
2026-01-26T03:34:59.652Z [INFO] 正在停止守护进程...
2026-01-26T03:34:59.654Z [INFO] [守护进程] 2026-01-26 11:34:59,653 | INFO | Stopping server ...
2026-01-26T03:35:02.664Z [WARN] 守护进程未退出，强制终止...
2026-01-26T03:35:02.672Z [INFO] 守护进程已停止
2026-01-26T03:36:24.434Z [INFO] 正在启动 Python 守护进程 [t4_daemon.py]...
2026-01-26T03:36:24.459Z [INFO] 守护进程启动成功，PID: 28835
2026-01-26T03:36:25.599Z [INFO] [守护进程] 2026-01-26 11:36:25,596 | INFO | T4 daemon listening on 127.0.0.1:25180
2026-01-26T03:36:25.711Z [INFO] [守护进程] 2026-01-26 11:36:25,709 | WARNING | Client connected then closed without sending data
2026-01-26T03:46:20.204Z [INFO] 正在停止守护进程...
2026-01-26T03:46:20.219Z [INFO] [守护进程] 2026-01-26 11:46:20,198 | INFO | Stopping server ...
2026-01-26T03:46:20.220Z [INFO] [守护进程] 2026-01-26 11:46:20,213 | INFO | Stopping server ...
2026-01-26T03:46:23.222Z [WARN] 守护进程未退出，强制终止...
2026-01-26T03:46:23.240Z [INFO] 守护进程已停止
2026-02-04T18:17:43.967Z [INFO] 正在启动 Python 守护进程 [t4_daemon.py]...
2026-02-04T18:17:43.997Z [INFO] 守护进程启动成功，PID: 19627
2026-02-04T18:17:44.379Z [INFO] [守护进程] 2026-02-05 02:17:44,378 | INFO | T4 daemon listening on 127.0.0.1:25180
2026-02-04T18:17:44.632Z [INFO] [守护进程] 2026-02-05 02:17:44,629 | WARNING | Client connected then closed without sending data
2026-02-06T12:51:38.285Z [INFO] 正在启动 Python 守护进程 [t4_daemon.py]...
2026-02-06T12:51:38.313Z [INFO] 守护进程启动成功，PID: 28073
2026-02-06T12:51:38.720Z [INFO] [守护进程] 2026-02-06 20:51:38,719 | INFO | T4 daemon listening on 127.0.0.1:25180
2026-02-06T12:51:38.940Z [INFO] [守护进程] 2026-02-06 20:51:38,937 | WARNING | Client connected then closed without sending data
2026-02-07T01:25:11.893Z [INFO] 正在启动 Python 守护进程 [t4_daemon.py]...
2026-02-07T01:25:11.927Z [INFO] 守护进程启动成功，PID: 19795
2026-02-07T01:25:12.605Z [INFO] [守护进程] 2026-02-07 09:25:12,601 | INFO | T4 daemon listening on 127.0.0.1:25180
2026-02-07T01:25:12.872Z [INFO] [守护进程] 2026-02-07 09:25:12,864 | WARNING | Client connected then closed without sending data
2026-02-08T12:03:18.907Z [INFO] 正在启动 Python 守护进程 [t4_daemon.py]...
2026-02-08T12:03:18.942Z [INFO] 守护进程启动成功，PID: 10223
2026-02-08T12:03:19.536Z [INFO] [守护进程] 2026-02-08 20:03:19,533 | INFO | T4 daemon listening on 127.0.0.1:25180
2026-02-08T12:03:19.568Z [INFO] [守护进程] 2026-02-08 20:03:19,567 | WARNING | Client connected then closed without sending data
2026-02-11T01:13:51.811Z [INFO] 正在启动 Python 守护进程 [t4_daemon.py]...
2026-02-11T01:13:51.851Z [INFO] 守护进程启动成功，PID: 8040
2026-02-11T01:13:52.682Z [INFO] [守护进程] 2026-02-11 09:13:52,680 | INFO | T4 daemon listening on 127.0.0.1:25180
2026-02-11T01:13:52.802Z [INFO] [守护进程] 2026-02-11 09:13:52,801 | WARNING | Client connected then closed without sending data
2026-02-11T01:16:07.426Z [INFO] 正在启动 Python 守护进程 [t4_daemon.py]...
2026-02-11T01:16:07.447Z [INFO] 守护进程启动成功，PID: 9463
2026-02-11T01:16:07.998Z [INFO] [守护进程] 2026-02-11 09:16:07,996 | INFO | T4 daemon listening on 127.0.0.1:25180
2026-02-11T01:16:08.073Z [INFO] [守护进程] 2026-02-11 09:16:08,072 | WARNING | Client connected then closed without sending data
2026-02-11T08:37:08.719Z [INFO] 正在启动 Python 守护进程 [t4_daemon.py]...
2026-02-11T08:37:08.727Z [INFO] 守护进程启动成功，PID: 12920
2026-02-11T08:37:08.932Z [INFO] [守护进程] 2026-02-11 16:37:08,932 | INFO | T4 daemon listening on 127.0.0.1:25180
2026-02-11T08:37:09.171Z [INFO] [守护进程] 2026-02-11 16:37:09,172 | WARNING | Client connected then closed without sending data
2026-02-19T02:03:22.902Z [INFO] 正在启动 Python 守护进程 [t4_daemon.py]...
2026-02-19T02:03:22.916Z [INFO] 守护进程启动成功，PID: 10568
2026-02-19T02:03:23.327Z [INFO] [守护进程] 2026-02-19 10:03:23,324 | INFO | T4 daemon listening on 127.0.0.1:25180
2026-02-19T02:03:23.905Z [INFO] [守护进程] 2026-02-19 10:03:23,904 | WARNING | Client connected then closed without sending data
2026-02-19T02:04:33.472Z [INFO] [守护进程] 2026-02-19 10:04:33,471 | WARNING | Client connected then closed without sending data
2026-02-19T02:04:39.432Z [INFO] [守护进程] 2026-02-19 10:04:39,428 | WARNING | Client connected then closed without sending data
2026-02-19T02:04:44.264Z [INFO] [守护进程] 2026-02-19 10:04:44,262 | WARNING | Client connected then closed without sending data
2026-02-19T02:11:07.865Z [INFO] [守护进程] 2026-02-19 10:11:07,865 | WARNING | Client connected then closed without sending data
2026-02-19T02:17:21.794Z [INFO] 正在启动 Python 守护进程 [t4_daemon.py]...
2026-02-19T02:17:21.802Z [INFO] 守护进程启动成功，PID: 15176
2026-02-19T02:17:21.916Z [INFO] [守护进程] 2026-02-19 10:17:21,925 | INFO | T4 daemon listening on 127.0.0.1:25180
2026-02-19T02:17:22.256Z [INFO] [守护进程] 2026-02-19 10:17:22,269 | WARNING | Client connected then closed without sending data
2026-03-04T03:30:48.411Z [INFO] 正在启动 Python 守护进程 [t4_daemon.py]...
2026-03-04T03:30:48.425Z [INFO] 守护进程启动成功，PID: 14004
2026-03-04T03:30:48.656Z [INFO] [守护进程] 2026-03-04 11:30:48,656 | INFO | T4 daemon listening on 127.0.0.1:25180
2026-03-04T03:30:48.868Z [INFO] [守护进程] 2026-03-04 11:30:48,867 | WARNING | Client connected then closed without sending data
2026-03-04T03:31:42.239Z [INFO] 正在启动 Python 守护进程 [t4_daemon.py]...
2026-03-04T03:31:42.248Z [INFO] 守护进程启动成功，PID: 15568
2026-03-04T03:31:42.377Z [INFO] [守护进程] 2026-03-04 11:31:42,372 | INFO | T4 daemon listening on 127.0.0.1:25180
2026-03-04T03:31:42.754Z [INFO] [守护进程] 2026-03-04 11:31:42,757 | WARNING | Client connected then closed without sending data
2026-03-04T03:31:47.033Z [INFO] Python 守护进程已在运行
2026-03-04T03:34:19.385Z [INFO] 正在启动 Python 守护进程 [t4_daemon.py]...
2026-03-04T03:34:19.393Z [INFO] 守护进程启动成功，PID: 13444
2026-03-04T03:34:19.520Z [INFO] [守护进程] 2026-03-04 11:34:19,517 | INFO | T4 daemon listening on 127.0.0.1:25180
2026-03-04T03:34:19.844Z [INFO] [守护进程] 2026-03-04 11:34:19,849 | WARNING | Client connected then closed without sending data
2026-03-04T04:05:24.773Z [INFO] 正在停止守护进程...
2026-03-04T04:05:25.050Z [INFO] 正在停止守护进程...
2026-03-04T04:05:25.085Z [WARN] 守护进程异常退出（可能被 kill），未返回退出码
2026-03-04T04:05:25.234Z [INFO] 没有运行的守护进程
2026-03-04T04:05:38.100Z [INFO] 正在启动 Python 守护进程 [t4_daemon.py]...
2026-03-04T04:05:38.109Z [INFO] 守护进程启动成功，PID: 15296
2026-03-04T04:05:38.230Z [INFO] [守护进程] 2026-03-04 12:05:38,229 | INFO | T4 daemon listening on 127.0.0.1:25180
2026-03-04T04:05:39.779Z [INFO] [守护进程] 2026-03-04 12:05:39,769 | WARNING | Client connected then closed without sending data
2026-03-04T04:07:18.875Z [INFO] 正在停止守护进程...
2026-03-04T04:07:19.188Z [INFO] 正在停止守护进程...
2026-03-04T04:07:19.225Z [WARN] 守护进程异常退出（可能被 kill），未返回退出码
2026-03-04T04:07:19.301Z [INFO] 没有运行的守护进程
2026-03-04T04:07:24.793Z [INFO] 正在启动 Python 守护进程 [t4_daemon.py]...
2026-03-04T04:07:24.801Z [INFO] 守护进程启动成功，PID: 15068
2026-03-04T04:07:24.918Z [INFO] [守护进程] 2026-03-04 12:07:24,919 | INFO | T4 daemon listening on 127.0.0.1:25180
2026-03-04T04:07:26.468Z [INFO] [守护进程] 2026-03-04 12:07:26,456 | WARNING | Client connected then closed without sending data
2026-03-04T04:19:16.989Z [INFO] 正在停止守护进程...
2026-03-04T04:19:17.280Z [WARN] 守护进程异常退出（可能被 kill），未返回退出码
2026-03-04T04:19:19.452Z [INFO] 没有运行的守护进程
2026-03-04T04:20:08.267Z [INFO] 正在启动 Python 守护进程 [t4_daemon.py]...
2026-03-04T04:20:08.276Z [INFO] 守护进程启动成功，PID: 8652
2026-03-04T04:20:08.399Z [INFO] [守护进程] 2026-03-04 12:20:08,399 | INFO | T4 daemon listening on 127.0.0.1:25180
2026-03-04T04:20:10.037Z [INFO] [守护进程] 2026-03-04 12:20:10,022 | WARNING | Client connected then closed without sending data
2026-03-04T05:15:39.285Z [INFO] 正在启动 Python 守护进程 [t4_daemon.py]...
2026-03-04T05:15:39.303Z [INFO] 守护进程启动成功，PID: 19949
2026-03-04T05:15:39.597Z [INFO] [守护进程] 2026-03-04 13:15:39,596 | INFO | T4 daemon listening on 127.0.0.1:25180
2026-03-04T05:15:39.616Z [INFO] [守护进程] 2026-03-04 13:15:39,615 | WARNING | Client connected then closed without sending data
2026-03-04T07:18:29.244Z [INFO] 正在启动 Python 守护进程 [t4_daemon.py]...
2026-03-04T07:18:29.282Z [INFO] 守护进程启动成功，PID: 15552
2026-03-04T07:18:29.687Z [INFO] [守护进程] 2026-03-04 15:18:29,686 | INFO | T4 daemon listening on 127.0.0.1:25180
2026-03-04T07:18:29.919Z [INFO] [守护进程] 2026-03-04 15:18:29,917 | WARNING | Client connected then closed without sending data
2026-03-04T07:19:15.173Z [INFO] 正在停止守护进程...
2026-03-04T07:19:15.180Z [INFO] [守护进程] 2026-03-04 15:19:15,154 | INFO | Stopping server ...
2026-03-04T07:19:15.192Z [INFO] [守护进程] 2026-03-04 15:19:15,185 | INFO | Stopping server ...
2026-03-04T07:19:18.185Z [WARN] 守护进程未退出，强制终止...
2026-03-04T07:19:18.192Z [INFO] 守护进程已停止
2026-03-04T07:20:53.473Z [INFO] 正在启动 Python 守护进程 [t4_daemon.py]...
2026-03-04T07:20:53.508Z [INFO] 守护进程启动成功，PID: 15744
2026-03-04T07:20:53.848Z [INFO] [守护进程] 2026-03-04 15:20:53,848 | INFO | T4 daemon listening on 127.0.0.1:25180
2026-03-04T07:20:54.146Z [INFO] [守护进程] 2026-03-04 15:20:54,139 | WARNING | Client connected then closed without sending data
2026-03-04T10:27:13.541Z [INFO] 正在启动 Python 守护进程 [t4_daemon.py]...
2026-03-04T10:27:13.582Z [INFO] 守护进程启动成功，PID: 12645
2026-03-04T10:27:14.335Z [INFO] [守护进程] 2026-03-04 18:27:14,331 | INFO | T4 daemon listening on 127.0.0.1:25180
2026-03-04T10:27:14.536Z [INFO] [守护进程] 2026-03-04 18:27:14,526 | WARNING | Client connected then closed without sending data
2026-03-04T10:33:12.340Z [INFO] 正在启动 Python 守护进程 [t4_daemon.py]...
2026-03-04T10:33:12.379Z [INFO] 守护进程启动成功，PID: 13708
2026-03-04T10:33:13.057Z [INFO] [守护进程] 2026-03-04 18:33:13,053 | INFO | T4 daemon listening on 127.0.0.1:25180
2026-03-04T10:33:13.319Z [INFO] [守护进程] 2026-03-04 18:33:13,317 | WARNING | Client connected then closed without sending data
2026-03-04T12:02:29.768Z [INFO] 正在启动 Python 守护进程 [t4_daemon.py]...
2026-03-04T12:02:29.920Z [INFO] 守护进程启动成功，PID: 7088
2026-03-04T12:02:31.010Z [INFO] [守护进程] 2026-03-04 20:02:30,954 | INFO | T4 daemon listening on 127.0.0.1:25180
2026-03-04T12:02:31.271Z [INFO] [守护进程] 2026-03-04 20:02:31,263 | WARNING | Client connected then closed without sending data
2026-03-04T12:13:19.021Z [INFO] 正在启动 Python 守护进程 [t4_daemon.py]...
2026-03-04T12:13:19.037Z [INFO] 守护进程启动成功，PID: 10288
2026-03-04T12:13:19.291Z [INFO] [守护进程] 2026-03-04 20:13:19,290 | INFO | T4 daemon listening on 127.0.0.1:25180
2026-03-04T12:13:19.355Z [INFO] [守护进程] 2026-03-04 20:13:19,352 | WARNING | Client connected then closed without sending data
2026-03-04T12:18:59.532Z [INFO] 正在启动 Python 守护进程 [t4_daemon.py]...
2026-03-04T12:18:59.547Z [INFO] 守护进程启动成功，PID: 11523
2026-03-04T12:18:59.798Z [INFO] [守护进程] 2026-03-04 20:18:59,797 | INFO | T4 daemon listening on 127.0.0.1:25180
2026-03-04T12:18:59.862Z [INFO] [守护进程] 2026-03-04 20:18:59,861 | WARNING | Client connected then closed without sending data
2026-03-04T12:21:31.676Z [INFO] 正在启动 Python 守护进程 [t4_daemon.py]...
2026-03-04T12:21:31.690Z [INFO] 守护进程启动成功，PID: 12719
2026-03-04T12:21:31.943Z [INFO] [守护进程] 2026-03-04 20:21:31,942 | INFO | T4 daemon listening on 127.0.0.1:25180
2026-03-04T12:21:32.008Z [INFO] [守护进程] 2026-03-04 20:21:32,004 | WARNING | Client connected then closed without sending data
2026-03-04T12:23:53.829Z [INFO] 正在启动 Python 守护进程 [t4_daemon.py]...
2026-03-04T12:23:53.841Z [INFO] 守护进程启动成功，PID: 14107
2026-03-04T12:23:53.972Z [INFO] [守护进程] 2026-03-04 20:23:53,972 | INFO | T4 daemon listening on 127.0.0.1:25180
2026-03-04T12:23:54.156Z [INFO] [守护进程] 2026-03-04 20:23:54,155 | WARNING | Client connected then closed without sending data
2026-03-04T12:28:01.660Z [INFO] 正在启动 Python 守护进程 [t4_daemon.py]...
2026-03-04T12:28:01.673Z [INFO] 守护进程启动成功，PID: 14934
2026-03-04T12:28:01.808Z [INFO] [守护进程] 2026-03-04 20:28:01,808 | INFO | T4 daemon listening on 127.0.0.1:25180
2026-03-04T12:28:01.993Z [INFO] [守护进程] 2026-03-04 20:28:01,992 | WARNING | Client connected then closed without sending data
2026-03-04T12:29:39.380Z [INFO] 正在启动 Python 守护进程 [t4_daemon.py]...
2026-03-04T12:29:39.396Z [INFO] 守护进程启动成功，PID: 15734
2026-03-04T12:29:39.643Z [INFO] [守护进程] 2026-03-04 20:29:39,642 | INFO | T4 daemon listening on 127.0.0.1:25180
2026-03-04T12:29:39.713Z [INFO] [守护进程] 2026-03-04 20:29:39,712 | WARNING | Client connected then closed without sending data
2026-03-04T12:31:17.459Z [INFO] 正在启动 Python 守护进程 [t4_daemon.py]...
2026-03-04T12:31:17.473Z [INFO] 守护进程启动成功，PID: 16707
2026-03-04T12:31:17.609Z [INFO] [守护进程] 2026-03-04 20:31:17,608 | INFO | T4 daemon listening on 127.0.0.1:25180
2026-03-04T12:31:17.787Z [INFO] [守护进程] 2026-03-04 20:31:17,786 | WARNING | Client connected then closed without sending data
2026-03-04T12:34:01.996Z [INFO] 正在启动 Python 守护进程 [t4_daemon.py]...
2026-03-04T12:34:02.010Z [INFO] 守护进程启动成功，PID: 17904
2026-03-04T12:34:02.265Z [INFO] [守护进程] 2026-03-04 20:34:02,264 | INFO | T4 daemon listening on 127.0.0.1:25180
2026-03-04T12:34:02.326Z [INFO] [守护进程] 2026-03-04 20:34:02,325 | WARNING | Client connected then closed without sending data
2026-03-04T12:34:48.734Z [INFO] 正在启动 Python 守护进程 [t4_daemon.py]...
2026-03-04T12:34:48.747Z [INFO] 守护进程启动成功，PID: 18502
2026-03-04T12:34:48.886Z [INFO] [守护进程] 2026-03-04 20:34:48,885 | INFO | T4 daemon listening on 127.0.0.1:25180
2026-03-04T12:34:49.063Z [INFO] [守护进程] 2026-03-04 20:34:49,061 | WARNING | Client connected then closed without sending data
2026-03-04T12:36:43.091Z [INFO] 正在启动 Python 守护进程 [t4_daemon.py]...
2026-03-04T12:36:43.102Z [INFO] 守护进程启动成功，PID: 19337
2026-03-04T12:36:43.239Z [INFO] [守护进程] 2026-03-04 20:36:43,238 | INFO | T4 daemon listening on 127.0.0.1:25180
2026-03-04T12:36:43.422Z [INFO] [守护进程] 2026-03-04 20:36:43,421 | WARNING | Client connected then closed without sending data
2026-03-04T13:00:00.179Z [INFO] 正在启动 Python 守护进程 [t4_daemon.py]...
2026-03-04T13:00:00.193Z [INFO] 守护进程启动成功，PID: 26535
2026-03-04T13:00:00.450Z [INFO] [守护进程] 2026-03-04 21:00:00,450 | INFO | T4 daemon listening on 127.0.0.1:25180
2026-03-04T13:00:00.513Z [INFO] [守护进程] 2026-03-04 21:00:00,512 | WARNING | Client connected then closed without sending data
2026-03-04T13:03:28.211Z [INFO] 正在启动 Python 守护进程 [t4_daemon.py]...
2026-03-04T13:03:28.239Z [INFO] 守护进程启动成功，PID: 27640
2026-03-04T13:03:28.962Z [INFO] [守护进程] 2026-03-04 21:03:28,960 | INFO | T4 daemon listening on 127.0.0.1:25180
2026-03-04T13:03:29.162Z [INFO] [守护进程] 2026-03-04 21:03:29,161 | WARNING | Client connected then closed without sending data
2026-03-04T13:07:56.009Z [INFO] 正在启动 Python 守护进程 [t4_daemon.py]...
2026-03-04T13:07:56.023Z [INFO] 守护进程启动成功，PID: 29033
2026-03-04T13:07:56.251Z [INFO] [守护进程] 2026-03-04 21:07:56,251 | INFO | T4 daemon listening on 127.0.0.1:25180
2026-03-04T13:07:56.340Z [INFO] [守护进程] 2026-03-04 21:07:56,339 | WARNING | Client connected then closed without sending data
2026-03-04T13:23:29.229Z [INFO] 正在启动 Python 守护进程 [t4_daemon.py]...
2026-03-04T13:23:29.241Z [INFO] 守护进程启动成功，PID: 2693
2026-03-04T13:23:29.498Z [INFO] [守护进程] 2026-03-04 21:23:29,497 | INFO | T4 daemon listening on 127.0.0.1:25180
2026-03-04T13:23:29.555Z [INFO] [守护进程] 2026-03-04 21:23:29,554 | WARNING | Client connected then closed without sending data
2026-03-04T13:24:05.917Z [INFO] 正在启动 Python 守护进程 [t4_daemon.py]...
2026-03-04T13:24:05.931Z [INFO] 守护进程启动成功，PID: 3382
2026-03-04T13:24:06.058Z [INFO] [守护进程] 2026-03-04 21:24:06,058 | INFO | T4 daemon listening on 127.0.0.1:25180
2026-03-04T13:24:06.251Z [INFO] [守护进程] 2026-03-04 21:24:06,246 | WARNING | Client connected then closed without sending data
2026-03-04T13:29:34.507Z [INFO] 正在启动 Python 守护进程 [t4_daemon.py]...
2026-03-04T13:29:34.521Z [INFO] 守护进程启动成功，PID: 6005
2026-03-04T13:29:34.770Z [INFO] [守护进程] 2026-03-04 21:29:34,769 | INFO | T4 daemon listening on 127.0.0.1:25180
2026-03-04T13:29:34.835Z [INFO] [守护进程] 2026-03-04 21:29:34,834 | WARNING | Client connected then closed without sending data
2026-03-04T13:40:12.420Z [INFO] 正在启动 Python 守护进程 [t4_daemon.py]...
2026-03-04T13:40:12.436Z [INFO] 守护进程启动成功，PID: 8692
2026-03-04T13:40:12.694Z [INFO] [守护进程] 2026-03-04 21:40:12,693 | INFO | T4 daemon listening on 127.0.0.1:25180
2026-03-04T13:40:12.749Z [INFO] [守护进程] 2026-03-04 21:40:12,747 | WARNING | Client connected then closed without sending data
2026-03-04T13:44:20.756Z [INFO] 正在启动 Python 守护进程 [t4_daemon.py]...
2026-03-04T13:44:20.769Z [INFO] 守护进程启动成功，PID: 9916
2026-03-04T13:44:21.025Z [INFO] [守护进程] 2026-03-04 21:44:21,025 | INFO | T4 daemon listening on 127.0.0.1:25180
2026-03-04T13:44:21.089Z [INFO] [守护进程] 2026-03-04 21:44:21,088 | WARNING | Client connected then closed without sending data
2026-03-04T13:49:08.324Z [INFO] 正在启动 Python 守护进程 [t4_daemon.py]...
2026-03-04T13:49:08.343Z [INFO] 守护进程启动成功，PID: 11556
2026-03-04T13:49:08.550Z [INFO] [守护进程] 2026-03-04 21:49:08,549 | INFO | T4 daemon listening on 127.0.0.1:25180
2026-03-04T13:49:08.658Z [INFO] [守护进程] 2026-03-04 21:49:08,657 | WARNING | Client connected then closed without sending data
2026-03-08T13:19:01.061Z [INFO] 当前环境不支持Python,跳过启动守护进程
2026-03-08T13:19:10.416Z [INFO] 当前环境不支持Python,跳过启动守护进程
2026-03-08T13:19:24.492Z [INFO] 没有运行的守护进程
2026-03-08T13:19:24.798Z [INFO] 没有运行的守护进程
2026-03-08T13:23:18.201Z [INFO] 当前环境不支持Python,跳过启动守护进程
2026-03-08T13:23:18.311Z [INFO] 当前环境不支持Python,跳过启动守护进程
2026-03-08T13:36:44.187Z [INFO] 当前环境不支持Python,跳过启动守护进程
2026-03-08T13:51:43.298Z [INFO] 当前环境不支持Python,跳过启动守护进程
2026-03-08T14:07:37.921Z [INFO] 当前环境不支持Python,跳过启动守护进程
2026-03-08T14:11:33.633Z [INFO] 当前环境不支持Python,跳过启动守护进程
2026-03-08T14:14:28.424Z [INFO] 当前环境不支持Python,跳过启动守护进程
2026-03-08T14:15:48.097Z [INFO] 当前环境不支持Python,跳过启动守护进程
2026-03-08T14:18:38.641Z [INFO] 当前环境不支持Python,跳过启动守护进程
2026-03-08T15:29:53.412Z [INFO] 当前环境不支持Python,跳过启动守护进程
2026-03-08T16:04:11.959Z [INFO] 当前环境不支持Python,跳过启动守护进程
2026-03-08T16:08:23.589Z [INFO] 当前环境不支持Python,跳过启动守护进程
2026-03-08T16:09:33.969Z [INFO] 当前环境不支持Python,跳过启动守护进程
2026-03-08T16:10:33.349Z [INFO] 当前环境不支持Python,跳过启动守护进程
2026-03-10T00:56:33.128Z [INFO] 当前环境不支持Python,跳过启动守护进程
2026-03-10T01:00:54.551Z [INFO] 当前环境不支持Python,跳过启动守护进程
2026-03-10T01:02:56.212Z [INFO] 当前环境不支持Python,跳过启动守护进程
2026-03-10T01:03:35.530Z [INFO] 当前环境不支持Python,跳过启动守护进程
2026-03-10T01:05:51.655Z [INFO] 当前环境不支持Python,跳过启动守护进程
2026-03-10T01:07:11.146Z [INFO] 当前环境不支持Python,跳过启动守护进程
2026-03-10T01:37:38.676Z [INFO] 当前环境不支持Python,跳过启动守护进程
2026-03-10T01:38:16.789Z [INFO] 当前环境不支持Python,跳过启动守护进程
2026-03-10T01:39:04.251Z [INFO] 当前环境不支持Python,跳过启动守护进程
2026-03-10T01:46:45.294Z [INFO] 当前环境不支持Python,跳过启动守护进程
2026-03-10T02:19:07.121Z [INFO] 当前环境不支持Python,跳过启动守护进程
2026-03-10T02:20:30.725Z [INFO] 当前环境不支持Python,跳过启动守护进程
2026-03-10T02:22:31.454Z [INFO] 当前环境不支持Python,跳过启动守护进程
2026-03-10T02:23:24.143Z [INFO] 当前环境不支持Python,跳过启动守护进程
2026-03-10T02:24:43.407Z [INFO] 当前环境不支持Python,跳过启动守护进程
2026-03-10T02:37:20.382Z [INFO] 当前环境不支持Python,跳过启动守护进程
2026-03-10T02:40:18.206Z [INFO] 当前环境不支持Python,跳过启动守护进程
